In file included from [01m[K/home/zp/aae497/blue-eyes-white-dragon/ros/src/rocket/src/RocketPlugin/RocketPlugin.cc:26:0[m[K:
[01m[K/home/zp/aae497/blue-eyes-white-dragon/ros/src/rocket/src/RocketPlugin/RocketPlugin.hh:140:16:[m[K [01;31m[Kerror: [m[Kâ€˜[01m[KCasadiFUnc[m[Kâ€™ does not name a type; did you mean â€˜[01m[KCasadiFunc[m[Kâ€™?
       private: [01;31m[KCasadiFUnc[m[K _quat2dcm;
                [01;31m[K^~~~~~~~~~[m[K
                [32m[KCasadiFunc[m[K
[01m[K/home/zp/aae497/blue-eyes-white-dragon/ros/src/rocket/src/RocketPlugin/RocketPlugin.cc:[m[K In constructor â€˜[01m[Kgazebo::RocketPlugin::RocketPlugin()[m[Kâ€™:
[01m[K/home/zp/aae497/blue-eyes-white-dragon/ros/src/rocket/src/RocketPlugin/RocketPlugin.cc:42:3:[m[K [01;31m[Kerror: [m[Kclass â€˜[01m[Kgazebo::RocketPlugin[m[Kâ€™ does not have any field named â€˜[01m[K_quat2dcm[m[Kâ€™
   [01;31m[K_quat2dcm[m[K(quat2dcm_fuctions())
   [01;31m[K^~~~~~~~~[m[K
[01m[K/home/zp/aae497/blue-eyes-white-dragon/ros/src/rocket/src/RocketPlugin/RocketPlugin.cc:42:13:[m[K [01;31m[Kerror: [m[Kâ€˜[01m[Kquat2dcm_fuctions[m[Kâ€™ was not declared in this scope
   _quat2dcm([01;31m[Kquat2dcm_fuctions[m[K())
             [01;31m[K^~~~~~~~~~~~~~~~~[m[K
[01m[K/home/zp/aae497/blue-eyes-white-dragon/ros/src/rocket/src/RocketPlugin/RocketPlugin.cc:42:13:[m[K [01;36m[Knote: [m[Ksuggested alternative: â€˜[01m[Kquat2dcm_functions[m[Kâ€™
   _quat2dcm([01;36m[Kquat2dcm_fuctions[m[K())
             [01;36m[K^~~~~~~~~~~~~~~~~[m[K
             [32m[Kquat2dcm_functions[m[K
make[2]: *** [CMakeFiles/RocketPlugin.dir/src/RocketPlugin/RocketPlugin.cc.o] Error 1
make[1]: *** [CMakeFiles/RocketPlugin.dir/all] Error 2
make: *** [all] Error 2
